<?xml version="1.0" encoding="UTF-8"?>
<testsuite name="test_tools1.TestSearchInputValidation-20241225225830" tests="4" file="test_tools1.py" time="0.003" timestamp="2024-12-25T22:58:30" failures="0" errors="0" skipped="0">
	<testcase classname="test_tools1.TestSearchInputValidation" name="test_empty_query" time="0.001" timestamp="2024-12-25T22:58:30" file="test_tools1.py" line="12"/>
	<testcase classname="test_tools1.TestSearchInputValidation" name="test_mixed_valid_invalid_query" time="0.000" timestamp="2024-12-25T22:58:30" file="test_tools1.py" line="22"/>
	<testcase classname="test_tools1.TestSearchInputValidation" name="test_non_alphanumeric_query" time="0.001" timestamp="2024-12-25T22:58:30" file="test_tools1.py" line="17"/>
	<testcase classname="test_tools1.TestSearchInputValidation" name="test_valid_query" time="0.000" timestamp="2024-12-25T22:58:30" file="test_tools1.py" line="6"/>
</testsuite>
